1632313222: mosquitto version 2.0.12 starting
1632313222: Config loaded from /mosquitto/config/mosquitto.conf.
1632313222: Starting in local only mode. Connections will only be possible from clients running on this machine.
1632313222: Create a configuration file which defines a listener to allow remote access.
1632313222: For more details see https://mosquitto.org/documentation/authentication-methods/
1632313222: Opening ipv4 listen socket on port 1883.
1632313222: Opening ipv6 listen socket on port 1883.
1632313222: Error: Address not available
1632313222: mosquitto version 2.0.12 running
1632314037: mosquitto version 2.0.12 terminating
1632314037: Saving in-memory database to /mosquitto/data//mosquitto.db.
1632314077: mosquitto version 2.0.12 starting
1632314077: Config loaded from /mosquitto/config/mosquitto.conf.
1632314077: Starting in local only mode. Connections will only be possible from clients running on this machine.
1632314077: Create a configuration file which defines a listener to allow remote access.
1632314077: For more details see https://mosquitto.org/documentation/authentication-methods/
1632314077: Opening ipv4 listen socket on port 1883.
1632314077: Opening ipv6 listen socket on port 1883.
1632314077: Error: Address not available
1632314077: mosquitto version 2.0.12 running
1632314088: mosquitto version 2.0.12 terminating
1632314088: Saving in-memory database to /mosquitto/data//mosquitto.db.
1632314182: mosquitto version 2.0.12 starting
1632314182: Config loaded from /mosquitto/config/mosquitto.conf.
1632314182: Starting in local only mode. Connections will only be possible from clients running on this machine.
1632314182: Create a configuration file which defines a listener to allow remote access.
1632314182: For more details see https://mosquitto.org/documentation/authentication-methods/
1632314182: Opening ipv4 listen socket on port 1883.
1632314182: Opening ipv6 listen socket on port 1883.
1632314182: Error: Address not available
1632314182: mosquitto version 2.0.12 running
1632314248: mosquitto version 2.0.12 starting
1632314248: Config loaded from /mosquitto/config/mosquitto.conf.
1632314248: Starting in local only mode. Connections will only be possible from clients running on this machine.
1632314248: Create a configuration file which defines a listener to allow remote access.
1632314248: For more details see https://mosquitto.org/documentation/authentication-methods/
1632314248: Opening ipv4 listen socket on port 1883.
1632314248: Opening ipv6 listen socket on port 1883.
1632314248: Error: Address not available
1632314248: mosquitto version 2.0.12 running
1632314250: mosquitto version 2.0.12 terminating
1632314250: Saving in-memory database to /mosquitto/data//mosquitto.db.
1632314257: mosquitto version 2.0.12 starting
1632314257: Config loaded from /mosquitto/config/mosquitto.conf.
1632314257: Starting in local only mode. Connections will only be possible from clients running on this machine.
1632314257: Create a configuration file which defines a listener to allow remote access.
1632314257: For more details see https://mosquitto.org/documentation/authentication-methods/
1632314257: Opening ipv4 listen socket on port 1883.
1632314257: Opening ipv6 listen socket on port 1883.
1632314257: Error: Address not available
1632314257: mosquitto version 2.0.12 running
1632314417: mosquitto version 2.0.12 terminating
1632314417: Saving in-memory database to /mosquitto/data//mosquitto.db.
1632314418: mosquitto version 2.0.12 starting
1632314418: Config loaded from /mosquitto/config/mosquitto.conf.
1632314418: Starting in local only mode. Connections will only be possible from clients running on this machine.
1632314418: Create a configuration file which defines a listener to allow remote access.
1632314418: For more details see https://mosquitto.org/documentation/authentication-methods/
1632314418: Opening ipv4 listen socket on port 1883.
1632314418: Opening ipv6 listen socket on port 1883.
1632314418: Error: Address not available
1632314418: mosquitto version 2.0.12 running
1632314427: mosquitto version 2.0.12 terminating
1632314427: Saving in-memory database to /mosquitto/data//mosquitto.db.
1632314434: mosquitto version 2.0.12 starting
1632314434: Config loaded from /mosquitto/config/mosquitto.conf.
1632314434: Starting in local only mode. Connections will only be possible from clients running on this machine.
1632314434: Create a configuration file which defines a listener to allow remote access.
1632314434: For more details see https://mosquitto.org/documentation/authentication-methods/
1632314434: Opening ipv4 listen socket on port 1883.
1632314434: Opening ipv6 listen socket on port 1883.
1632314434: Error: Address not available
1632314434: mosquitto version 2.0.12 running
1632314573: mosquitto version 2.0.12 terminating
1632314573: Saving in-memory database to /mosquitto/data//mosquitto.db.
